# JRE version: Java(TM) SE Runtime Environment (8.0_91-b14) (build 1.8.0_91-b14)
# Java VM: Java HotSpot(TM) 64-Bit Server VM (25.91-b14 mixed mode bsd-amd64 compressed oops)
Heap:
 PSYoungGen      total 31744K, used 20286K [0x00000007aab00000, 0x00000007ad400000, 0x00000007c0000000)
  eden space 29184K, 60% used [0x00000007aab00000,0x00000007abc50330,0x00000007ac780000)
  from space 2560K, 99% used [0x00000007acc80000,0x00000007aceff4d0,0x00000007acf00000)
  to   space 5120K, 0% used [0x00000007ac780000,0x00000007ac780000,0x00000007acc80000)
 ParOldGen       total 25600K, used 7806K [0x0000000780000000, 0x0000000781900000, 0x00000007aab00000)
  object space 25600K, 30% used [0x0000000780000000,0x000000078079fb88,0x0000000781900000)
 Metaspace       used 26664K, capacity 27070K, committed 27392K, reserved 1073152K
  class space    used 3119K, capacity 3239K, committed 3328K, reserved 1048576K
GC Heap History (10 events):
Event: 36.352 GC heap before
{Heap before GC invocations=4 (full 1):
 PSYoungGen      total 18944K, used 18931K [0x00000007aab00000, 0x00000007ac000000, 0x00000007c0000000)
  eden space 16384K, 100% used [0x00000007aab00000,0x00000007abb00000,0x00000007abb00000)
  from space 2560K, 99% used [0x00000007abd80000,0x00000007abffcc58,0x00000007ac000000)
  to   space 2560K, 0% used [0x00000007abb00000,0x00000007abb00000,0x00000007abd80000)
 ParOldGen       total 44032K, used 3848K [0x0000000780000000, 0x0000000782b00000, 0x00000007aab00000)
  object space 44032K, 8% used [0x0000000780000000,0x00000007803c2180,0x0000000782b00000)
 Metaspace       used 19906K, capacity 20282K, committed 20480K, reserved 1067008K
  class space    used 2423K, capacity 2525K, committed 2560K, reserved 1048576K
Event: 36.362 GC heap after
Heap after GC invocations=4 (full 1):
 PSYoungGen      total 18944K, used 2545K [0x00000007aab00000, 0x00000007ac000000, 0x00000007c0000000)
  eden space 16384K, 0% used [0x00000007aab00000,0x00000007aab00000,0x00000007abb00000)
  from space 2560K, 99% used [0x00000007abb00000,0x00000007abd7c470,0x00000007abd80000)
  to   space 2560K, 0% used [0x00000007abd80000,0x00000007abd80000,0x00000007ac000000)
 ParOldGen       total 44032K, used 5555K [0x0000000780000000, 0x0000000782b00000, 0x00000007aab00000)
  object space 44032K, 12% used [0x0000000780000000,0x000000078056cc18,0x0000000782b00000)
 Metaspace       used 19906K, capacity 20282K, committed 20480K, reserved 1067008K
  class space    used 2423K, capacity 2525K, committed 2560K, reserved 1048576K
}
Event: 36.469 GC heap before
{Heap before GC invocations=5 (full 1):
 PSYoungGen      total 18944K, used 5002K [0x00000007aab00000, 0x00000007ac000000, 0x00000007c0000000)
  eden space 16384K, 14% used [0x00000007aab00000,0x00000007aad665d8,0x00000007abb00000)
  from space 2560K, 99% used [0x00000007abb00000,0x00000007abd7c470,0x00000007abd80000)
  to   space 2560K, 0% used [0x00000007abd80000,0x00000007abd80000,0x00000007ac000000)
 ParOldGen       total 44032K, used 5555K [0x0000000780000000, 0x0000000782b00000, 0x00000007aab00000)
  object space 44032K, 12% used [0x0000000780000000,0x000000078056cc18,0x0000000782b00000)
 Metaspace       used 20656K, capacity 20986K, committed 21296K, reserved 1069056K
  class space    used 2471K, capacity 2589K, committed 2688K, reserved 1048576K
Event: 36.475 GC heap after
Heap after GC invocations=5 (full 1):
 PSYoungGen      total 18944K, used 2530K [0x00000007aab00000, 0x00000007ad000000, 0x00000007c0000000)
  eden space 16384K, 0% used [0x00000007aab00000,0x00000007aab00000,0x00000007abb00000)
  from space 2560K, 98% used [0x00000007abd80000,0x00000007abff88c0,0x00000007ac000000)
  to   space 2560K, 0% used [0x00000007abb00000,0x00000007abb00000,0x00000007abd80000)
 ParOldGen       total 44032K, used 5831K [0x0000000780000000, 0x0000000782b00000, 0x00000007aab00000)
  object space 44032K, 13% used [0x0000000780000000,0x00000007805b1de0,0x0000000782b00000)
 Metaspace       used 20656K, capacity 20986K, committed 21296K, reserved 1069056K
  class space    used 2471K, capacity 2589K, committed 2688K, reserved 1048576K
}
Event: 36.475 GC heap before
{Heap before GC invocations=6 (full 2):
 PSYoungGen      total 18944K, used 2530K [0x00000007aab00000, 0x00000007ad000000, 0x00000007c0000000)
  eden space 16384K, 0% used [0x00000007aab00000,0x00000007aab00000,0x00000007abb00000)
  from space 2560K, 98% used [0x00000007abd80000,0x00000007abff88c0,0x00000007ac000000)
  to   space 2560K, 0% used [0x00000007abb00000,0x00000007abb00000,0x00000007abd80000)
 ParOldGen       total 44032K, used 5831K [0x0000000780000000, 0x0000000782b00000, 0x00000007aab00000)
  object space 44032K, 13% used [0x0000000780000000,0x00000007805b1de0,0x0000000782b00000)
 Metaspace       used 20656K, capacity 20986K, committed 21296K, reserved 1069056K
  class space    used 2471K, capacity 2589K, committed 2688K, reserved 1048576K
Event: 36.525 GC heap after
Heap after GC invocations=6 (full 2):
 PSYoungGen      total 18944K, used 0K [0x00000007aab00000, 0x00000007ad000000, 0x00000007c0000000)
  eden space 16384K, 0% used [0x00000007aab00000,0x00000007aab00000,0x00000007abb00000)
  from space 2560K, 0% used [0x00000007abd80000,0x00000007abd80000,0x00000007ac000000)
  to   space 2560K, 0% used [0x00000007abb00000,0x00000007abb00000,0x00000007abd80000)
 ParOldGen       total 25600K, used 5407K [0x0000000780000000, 0x0000000781900000, 0x00000007aab00000)
  object space 25600K, 21% used [0x0000000780000000,0x0000000780547f88,0x0000000781900000)
 Metaspace       used 20656K, capacity 20986K, committed 21296K, reserved 1069056K
  class space    used 2471K, capacity 2589K, committed 2688K, reserved 1048576K
}
Event: 38.083 GC heap before
{Heap before GC invocations=7 (full 2):
 PSYoungGen      total 18944K, used 16384K [0x00000007aab00000, 0x00000007ad000000, 0x00000007c0000000)
  eden space 16384K, 100% used [0x00000007aab00000,0x00000007abb00000,0x00000007abb00000)
  from space 2560K, 0% used [0x00000007abd80000,0x00000007abd80000,0x00000007ac000000)
  to   space 2560K, 0% used [0x00000007abb00000,0x00000007abb00000,0x00000007abd80000)
 ParOldGen       total 25600K, used 5407K [0x0000000780000000, 0x0000000781900000, 0x00000007aab00000)
  object space 25600K, 21% used [0x0000000780000000,0x0000000780547f88,0x0000000781900000)
 Metaspace       used 23580K, capacity 23962K, committed 24192K, reserved 1071104K
  class space    used 2837K, capacity 2941K, committed 2944K, reserved 1048576K
Event: 38.088 GC heap after
Heap after GC invocations=7 (full 2):
 PSYoungGen      total 18944K, used 2548K [0x00000007aab00000, 0x00000007acf00000, 0x00000007c0000000)
  eden space 16384K, 0% used [0x00000007aab00000,0x00000007aab00000,0x00000007abb00000)
  from space 2560K, 99% used [0x00000007abb00000,0x00000007abd7d1e0,0x00000007abd80000)
  to   space 2560K, 0% used [0x00000007acc80000,0x00000007acc80000,0x00000007acf00000)
 ParOldGen       total 25600K, used 6380K [0x0000000780000000, 0x0000000781900000, 0x00000007aab00000)
  object space 25600K, 24% used [0x0000000780000000,0x000000078063b2a8,0x0000000781900000)
 Metaspace       used 23580K, capacity 23962K, committed 24192K, reserved 1071104K
  class space    used 2837K, capacity 2941K, committed 2944K, reserved 1048576K
}
Event: 38.676 GC heap before
{Heap before GC invocations=8 (full 2):
 PSYoungGen      total 18944K, used 18932K [0x00000007aab00000, 0x00000007acf00000, 0x00000007c0000000)
  eden space 16384K, 100% used [0x00000007aab00000,0x00000007abb00000,0x00000007abb00000)
  from space 2560K, 99% used [0x00000007abb00000,0x00000007abd7d1e0,0x00000007abd80000)
  to   space 2560K, 0% used [0x00000007acc80000,0x00000007acc80000,0x00000007acf00000)
 ParOldGen       total 25600K, used 6380K [0x0000000780000000, 0x0000000781900000, 0x00000007aab00000)
  object space 25600K, 24% used [0x0000000780000000,0x000000078063b2a8,0x0000000781900000)
 Metaspace       used 25527K, capacity 25888K, committed 26240K, reserved 1073152K
  class space    used 3041K, capacity 3134K, committed 3200K, reserved 1048576K
Event: 38.685 GC heap after
Heap after GC invocations=8 (full 2):
 PSYoungGen      total 31744K, used 2557K [0x00000007aab00000, 0x00000007ad400000, 0x00000007c0000000)
  eden space 29184K, 0% used [0x00000007aab00000,0x00000007aab00000,0x00000007ac780000)
  from space 2560K, 99% used [0x00000007acc80000,0x00000007aceff4d0,0x00000007acf00000)
  to   space 5120K, 0% used [0x00000007ac780000,0x00000007ac780000,0x00000007acc80000)
 ParOldGen       total 25600K, used 7806K [0x0000000780000000, 0x0000000781900000, 0x00000007aab00000)
  object space 25600K, 30% used [0x0000000780000000,0x000000078079fb88,0x0000000781900000)
 Metaspace       used 25527K, capacity 25888K, committed 26240K, reserved 1073152K
  class space    used 3041K, capacity 3134K, committed 3200K, reserved 1048576K
}

